{
  "RSpec": {
    "coverage": {
      "/Users/treinadev05/rental-cars/rentalcars-treinadev-parte02/app/models/car.rb": [
        1,
        1,
        1,
        1,
        1,
        1,
        1,
        1,
        1,
        null
      ],
      "/Users/treinadev05/rental-cars/rentalcars-treinadev-parte02/app/models/car_model.rb": [
        1,
        1,
        1,
        1,
        1,
        1,
        1,
        1,
        1,
        null
      ],
      "/Users/treinadev05/rental-cars/rentalcars-treinadev-parte02/app/models/manufacture.rb": [
        1,
        1,
        null
      ],
      "/Users/treinadev05/rental-cars/rentalcars-treinadev-parte02/app/models/fuel_type.rb": [
        1,
        1,
        null
      ],
      "/Users/treinadev05/rental-cars/rentalcars-treinadev-parte02/app/models/category.rb": [
        1,
        1,
        null,
        1,
        1,
        1,
        null
      ],
      "/Users/treinadev05/rental-cars/rentalcars-treinadev-parte02/app/models/subsidiary.rb": [
        1,
        1,
        1,
        1,
        1,
        1,
        1,
        1,
        1,
        null,
        1,
        0,
        null,
        null,
        1,
        2,
        2,
        null,
        0,
        0,
        null,
        null,
        null,
        null
      ],
      "/Users/treinadev05/rental-cars/rentalcars-treinadev-parte02/app/models/addon.rb": [
        1,
        1,
        1,
        1,
        1,
        null,
        1,
        0,
        0,
        null,
        0,
        0,
        null,
        null,
        null,
        null,
        1,
        0,
        null,
        null
      ],
      "/Users/treinadev05/rental-cars/rentalcars-treinadev-parte02/app/controllers/api/v1/cars_controller.rb": [
        1,
        1,
        0,
        0,
        null,
        null,
        1,
        0,
        null,
        0,
        0,
        null,
        0,
        null,
        null,
        null,
        1,
        1,
        null,
        null,
        null,
        null,
        1,
        1,
        1,
        null,
        0,
        null,
        null,
        null,
        1,
        0,
        0,
        null,
        null,
        null,
        null,
        0,
        0,
        0,
        null,
        0,
        null,
        null,
        null
      ],
      "/Users/treinadev05/rental-cars/rentalcars-treinadev-parte02/app/controllers/api/v1/api_controller.rb": [
        1,
        null,
        1,
        null,
        1,
        0,
        null,
        null,
        null
      ],
      "/Users/treinadev05/rental-cars/rentalcars-treinadev-parte02/app/mailers/application_mailer.rb": [
        0,
        0,
        0,
        0
      ],
      "/Users/treinadev05/rental-cars/rentalcars-treinadev-parte02/app/models/rental_price.rb": [
        0,
        0,
        0,
        0,
        0,
        0
      ],
      "/Users/treinadev05/rental-cars/rentalcars-treinadev-parte02/app/models/rental.rb": [
        0,
        0,
        0,
        0,
        0,
        0,
        0,
        0,
        0,
        0,
        null,
        0,
        null,
        0,
        0,
        null,
        0,
        0,
        0,
        0,
        0,
        null,
        0,
        0,
        null,
        0,
        0,
        0,
        0,
        0,
        0,
        null,
        0,
        0,
        0,
        null,
        0,
        0,
        0,
        0,
        0,
        null,
        0,
        0,
        0,
        0,
        0,
        null,
        0,
        0,
        0,
        null,
        0,
        0,
        null,
        0,
        0,
        null,
        0,
        null,
        0,
        0,
        0,
        0,
        0,
        null,
        0,
        0,
        0,
        0,
        0,
        0,
        0,
        null,
        0,
        0,
        0,
        0,
        0,
        0,
        null,
        0,
        0,
        0,
        0,
        0
      ],
      "/Users/treinadev05/rental-cars/rentalcars-treinadev-parte02/app/models/corporate_client.rb": [
        0,
        0,
        0,
        0,
        null,
        0,
        0,
        0,
        null,
        0,
        0,
        0,
        null,
        0,
        0,
        0,
        0
      ],
      "/Users/treinadev05/rental-cars/rentalcars-treinadev-parte02/app/models/client.rb": [
        0,
        0,
        0,
        0
      ],
      "/Users/treinadev05/rental-cars/rentalcars-treinadev-parte02/app/models/addon_price.rb": [
        0,
        0,
        0,
        0,
        0
      ],
      "/Users/treinadev05/rental-cars/rentalcars-treinadev-parte02/app/models/application_record.rb": [
        0,
        0,
        0
      ],
      "/Users/treinadev05/rental-cars/rentalcars-treinadev-parte02/app/models/individual_client.rb": [
        0,
        0,
        0,
        0,
        null,
        0,
        0,
        0,
        0
      ],
      "/Users/treinadev05/rental-cars/rentalcars-treinadev-parte02/app/models/address.rb": [
        0,
        0,
        null,
        0,
        0,
        0,
        0,
        0,
        null,
        0,
        0,
        0,
        0
      ],
      "/Users/treinadev05/rental-cars/rentalcars-treinadev-parte02/app/models/addon_item.rb": [
        0,
        0,
        0,
        null,
        0,
        0,
        0,
        0
      ],
      "/Users/treinadev05/rental-cars/rentalcars-treinadev-parte02/app/models/user.rb": [
        0,
        0,
        null,
        null,
        null,
        0,
        0,
        0,
        0
      ],
      "/Users/treinadev05/rental-cars/rentalcars-treinadev-parte02/app/models/rental_item.rb": [
        0,
        0,
        0,
        null,
        0,
        0,
        0,
        0
      ],
      "/Users/treinadev05/rental-cars/rentalcars-treinadev-parte02/app/jobs/application_job.rb": [
        0,
        0
      ],
      "/Users/treinadev05/rental-cars/rentalcars-treinadev-parte02/app/controllers/subsidiaries_controller.rb": [
        0,
        0,
        null,
        0,
        0,
        0,
        null,
        0,
        0,
        0,
        0,
        0,
        0,
        0,
        0,
        0,
        null,
        0,
        0,
        0,
        0,
        null,
        0,
        0,
        0,
        0,
        0,
        0,
        0,
        0,
        0,
        0,
        0,
        0,
        0,
        0,
        0,
        0,
        0,
        null,
        0,
        0,
        0,
        0,
        null,
        0,
        0,
        0,
        0,
        0,
        0,
        0,
        0,
        0,
        null,
        0,
        null,
        0,
        0,
        0,
        0,
        0,
        0,
        0
      ],
      "/Users/treinadev05/rental-cars/rentalcars-treinadev-parte02/app/controllers/application_controller.rb": [
        0,
        0,
        null,
        0,
        0,
        0,
        null,
        0,
        0,
        0,
        0
      ],
      "/Users/treinadev05/rental-cars/rentalcars-treinadev-parte02/app/controllers/categories_controller.rb": [
        0,
        0,
        null,
        0,
        0,
        0,
        null,
        0,
        0,
        0,
        null,
        0,
        0,
        0,
        null,
        0,
        0,
        0,
        null,
        0,
        0,
        0,
        0,
        0,
        null,
        0,
        0,
        0,
        0,
        0,
        0,
        null,
        0,
        null,
        0,
        0,
        0,
        0,
        0
      ],
      "/Users/treinadev05/rental-cars/rentalcars-treinadev-parte02/app/controllers/addon_prices_controller.rb": [
        0,
        0,
        0,
        0,
        0,
        null,
        0,
        0,
        0,
        0,
        0,
        0,
        0,
        0,
        0,
        null,
        0,
        0,
        0,
        0,
        0,
        null,
        0,
        0,
        0,
        0,
        0,
        0,
        0,
        0,
        0,
        0,
        0,
        0,
        null,
        0,
        null,
        0,
        0,
        0,
        null,
        0,
        0,
        0,
        0
      ],
      "/Users/treinadev05/rental-cars/rentalcars-treinadev-parte02/app/controllers/prices_controller.rb": [
        0,
        0,
        0,
        0,
        null,
        0,
        0,
        0,
        0,
        0,
        null,
        0,
        0,
        0,
        null,
        0,
        0,
        0,
        0,
        null,
        0,
        0,
        0,
        null,
        0,
        null,
        0,
        0,
        0,
        0
      ],
      "/Users/treinadev05/rental-cars/rentalcars-treinadev-parte02/app/controllers/rentals_controller.rb": [
        0,
        0,
        0,
        0,
        null,
        0,
        0,
        0,
        null,
        0,
        0,
        0,
        0,
        0,
        null,
        0,
        0,
        0,
        0,
        0,
        0,
        null,
        0,
        0,
        0,
        0,
        null,
        0,
        0,
        null,
        0,
        0,
        0,
        0,
        0,
        0,
        0,
        0,
        0,
        0,
        0,
        null,
        0,
        null,
        0,
        0,
        0,
        null,
        0,
        0,
        0,
        0,
        null,
        0,
        0,
        0,
        0,
        0,
        0,
        0,
        0,
        0,
        0,
        null,
        0,
        0,
        0,
        null,
        0,
        0,
        null,
        0,
        0,
        0,
        null,
        0,
        null,
        0,
        0,
        0,
        0,
        0,
        0,
        0,
        0,
        0,
        0,
        0,
        0,
        0,
        0,
        0,
        0,
        0,
        0,
        null,
        0,
        0,
        0,
        0,
        0,
        null,
        0,
        0,
        0,
        null,
        0,
        0,
        0,
        0,
        0,
        0,
        0
      ],
      "/Users/treinadev05/rental-cars/rentalcars-treinadev-parte02/app/controllers/individual_clients_controller.rb": [
        0,
        0,
        null,
        0,
        0,
        0,
        null,
        0,
        0,
        0,
        null,
        0,
        0,
        0,
        0,
        null,
        0,
        0,
        0,
        0,
        0,
        0,
        0,
        0,
        null,
        0,
        0,
        0,
        null,
        0,
        0,
        0,
        0,
        0,
        0,
        0,
        0,
        null,
        0,
        null,
        0,
        0,
        0,
        0,
        0,
        0,
        0,
        0
      ],
      "/Users/treinadev05/rental-cars/rentalcars-treinadev-parte02/app/controllers/cars_controller.rb": [
        0,
        0,
        null,
        0,
        0,
        0,
        null,
        0,
        0,
        0,
        0,
        null,
        0,
        0,
        0,
        0,
        null,
        0,
        0,
        0,
        null,
        0,
        0,
        0,
        null,
        0,
        0,
        0,
        0,
        null,
        0,
        0,
        0,
        null,
        0,
        0,
        0,
        null,
        0,
        null,
        0,
        0,
        0,
        null,
        0,
        0,
        0,
        0,
        0,
        0
      ],
      "/Users/treinadev05/rental-cars/rentalcars-treinadev-parte02/app/controllers/corporate_clients_controller.rb": [
        0,
        0,
        null,
        0,
        0,
        0,
        null,
        0,
        0,
        0,
        null,
        0,
        0,
        0,
        0,
        null,
        0,
        0,
        0,
        0,
        0,
        0,
        0,
        0,
        null,
        0,
        0,
        0,
        null,
        0,
        0,
        0,
        0,
        0,
        0,
        0,
        0,
        null,
        0,
        null,
        0,
        0,
        0,
        0,
        0,
        0,
        0,
        0
      ],
      "/Users/treinadev05/rental-cars/rentalcars-treinadev-parte02/app/controllers/clients_controller.rb": [
        0,
        0,
        null,
        0,
        0,
        0,
        0,
        null,
        0,
        0,
        0,
        0,
        0,
        0,
        0,
        0,
        null,
        0,
        0,
        0,
        null,
        0,
        null,
        0,
        0,
        0,
        0,
        0,
        0,
        0,
        0
      ],
      "/Users/treinadev05/rental-cars/rentalcars-treinadev-parte02/app/controllers/car_models_controller.rb": [
        0,
        0,
        null,
        0,
        0,
        0,
        null,
        0,
        0,
        0,
        null,
        0,
        0,
        0,
        0,
        0,
        0,
        null,
        0,
        0,
        0,
        null,
        0,
        0,
        0,
        0,
        0,
        null,
        0,
        0,
        0,
        0,
        0,
        0,
        null,
        0,
        0,
        0,
        0,
        0,
        0,
        0,
        0,
        0,
        0,
        0,
        null,
        0,
        null,
        0,
        0,
        0,
        0,
        0,
        0
      ],
      "/Users/treinadev05/rental-cars/rentalcars-treinadev-parte02/app/controllers/home_controller.rb": [
        0,
        0,
        0
      ],
      "/Users/treinadev05/rental-cars/rentalcars-treinadev-parte02/app/controllers/addons_controller.rb": [
        0,
        0,
        null,
        0,
        0,
        0,
        null,
        0,
        0,
        0,
        null,
        0,
        null,
        0,
        0,
        null,
        0,
        null,
        0,
        0,
        null,
        0,
        0,
        0,
        0,
        null,
        0,
        0,
        null,
        0,
        null,
        0,
        0,
        0,
        null,
        0,
        0,
        0,
        0,
        0
      ],
      "/Users/treinadev05/rental-cars/rentalcars-treinadev-parte02/app/controllers/rental_prices_controller.rb": [
        0,
        0,
        null,
        0,
        0,
        0,
        null,
        0,
        0,
        0,
        0,
        0,
        0,
        0,
        0,
        0,
        0,
        null,
        0,
        0,
        0,
        0,
        0,
        0,
        null,
        0,
        0,
        0,
        0,
        0,
        0,
        0,
        0,
        0,
        0,
        0,
        0,
        null,
        0,
        null,
        0,
        0,
        0,
        0,
        0,
        0
      ],
      "/Users/treinadev05/rental-cars/rentalcars-treinadev-parte02/app/controllers/manufactures_controller.rb": [
        0,
        0,
        null,
        0,
        0,
        0,
        null,
        0,
        0,
        0,
        null,
        0,
        0,
        0,
        0,
        0,
        0,
        0,
        0,
        null,
        0,
        0,
        0,
        null,
        0,
        0,
        0,
        null,
        0,
        0,
        0,
        0,
        0,
        0,
        0,
        0,
        null,
        0,
        null,
        0,
        0,
        0,
        0
      ],
      "/Users/treinadev05/rental-cars/rentalcars-treinadev-parte02/app/helpers/application_helper.rb": [
        0,
        0
      ],
      "/Users/treinadev05/rental-cars/rentalcars-treinadev-parte02/app/channels/application_cable/connection.rb": [
        0,
        0,
        0,
        0
      ],
      "/Users/treinadev05/rental-cars/rentalcars-treinadev-parte02/app/channels/application_cable/channel.rb": [
        0,
        0,
        0,
        0
      ]
    },
    "timestamp": 1579741840
  }
}
